<?xml version="1.0" encoding="UTF-8"?>
<!-- Generated by org.testng.reporters.JUnitXMLReporter -->
<testsuite ignored="0" hostname="Rayhans-Air" failures="0" tests="14" name="tutorialssNinja Test" time="85.282" errors="0" timestamp="2023-12-23T03:28:34 EST">
  <testcase classname="com.tutorialsNinja.qa.testcases.RegesterTest" name="verifyRegesteringAnAccountWithMandatoryFields" time="1.037"/>
  <testcase classname="com.tutorialsNinja.qa.testcases.RegesterTest" name="verifyRegesteringAccountByProvidingAllFields" time="0.958"/>
  <testcase classname="com.tutorialsNinja.qa.testcases.RegesterTest" name="verifyrRegesteringAccountWithExistingEmailAddress" time="0.632"/>
  <testcase classname="com.tutorialsNinja.qa.testcases.RegesterTest" name="verifyrRegesteringAccountWithWithoutFillingDetails" time="0.441"/>
  <testcase classname="com.tutorialsNinja.qa.testcases.LoginTest" name="verifyLoginWithValidCredentials" time="0.79"/>
  <testcase classname="com.tutorialsNinja.qa.testcases.LoginTest" name="verifyLoginWithValidCredentials" time="1.898"/>
  <testcase classname="com.tutorialsNinja.qa.testcases.LoginTest" name="verifyLoginWithValidCredentials" time="0.781"/>
  <testcase classname="com.tutorialsNinja.qa.testcases.LoginTest" name="verifyLoginWithInvalidCredentials" time="0.527"/>
  <testcase classname="com.tutorialsNinja.qa.testcases.LoginTest" name="verifyLoginWithInvalidEmailAndValidPassword" time="0.529"/>
  <testcase classname="com.tutorialsNinja.qa.testcases.LoginTest" name="verifyLoginWithvalidEmailAndInValidPassword" time="0.525"/>
  <testcase classname="com.tutorialsNinja.qa.testcases.LoginTest" name="verifyLoginWithoutProvidingCredentials" time="0.458"/>
  <testcase classname="com.tutorialsNinja.qa.testcases.SearchTest" name="verifySearchWithValidProduct" time="0.666"/>
  <testcase classname="com.tutorialsNinja.qa.testcases.SearchTest" name="verifySearchWithInvalidProduct" time="0.441"/>
  <testcase classname="com.tutorialsNinja.qa.testcases.SearchTest" name="verifySearchWithWithoutAnyProduct" time="0.439"/>
</testsuite> <!-- tutorialssNinja Test -->
