<?xml version="1.0" encoding="UTF-8"?>
<!-- Generated by org.testng.reporters.JUnitXMLReporter -->
<testsuite ignored="0" hostname="Rayhans-Air" failures="1" tests="14" name="tutorialssNinja Test" time="89.398" errors="0" timestamp="2023-11-27T21:23:31 EST">
  <testcase classname="com.tutorialsNinja.qa.testcases.RegesterTest" name="verifyRegesteringAnAccountWithMandatoryFields" time="0.932"/>
  <testcase classname="com.tutorialsNinja.qa.testcases.RegesterTest" name="verifyRegesteringAccountByProvidingAllFields" time="1.238"/>
  <testcase classname="com.tutorialsNinja.qa.testcases.RegesterTest" name="verifyrRegesteringAccountWithExistingEmailAddress" time="0.603"/>
  <testcase classname="com.tutorialsNinja.qa.testcases.RegesterTest" name="verifyrRegesteringAccountWithWithoutFillingDetails" time="0.434"/>
  <testcase classname="com.tutorialsNinja.qa.testcases.LoginTest" name="verifyLoginWithValidCredentials" time="0.79"/>
  <testcase classname="com.tutorialsNinja.qa.testcases.LoginTest" name="verifyLoginWithValidCredentials" time="1.333"/>
  <testcase classname="com.tutorialsNinja.qa.testcases.LoginTest" name="verifyLoginWithValidCredentials" time="0.781"/>
  <testcase classname="com.tutorialsNinja.qa.testcases.LoginTest" name="verifyLoginWithInvalidCredentials" time="0.514"/>
  <testcase classname="com.tutorialsNinja.qa.testcases.LoginTest" name="verifyLoginWithInvalidEmailAndValidPassword" time="0.508"/>
  <testcase classname="com.tutorialsNinja.qa.testcases.LoginTest" name="verifyLoginWithvalidEmailAndInValidPassword" time="0.511"/>
  <testcase classname="com.tutorialsNinja.qa.testcases.LoginTest" name="verifyLoginWithoutProvidingCredentials" time="0.43"/>
  <testcase classname="com.tutorialsNinja.qa.testcases.SearchTest" name="verifySearchWithValidProduct" time="0.644"/>
  <testcase classname="com.tutorialsNinja.qa.testcases.SearchTest" name="verifySearchWithInvalidProduct" time="0.427"/>
  <testcase classname="com.tutorialsNinja.qa.testcases.SearchTest" name="verifySearchWithWithoutAnyProduct" time="0.37">
    <failure type="java.lang.AssertionError" message="no product massage in search expected [null] but found [There is no product that matches the search criteria.]">
      <![CDATA[java.lang.AssertionError: no product massage in search expected [null] but found [There is no product that matches the search criteria.]
at com.tutorialsNinja.qa.testcases.SearchTest.verifySearchWithWithoutAnyProduct(SearchTest.java:60)
at java.base/java.util.ArrayList.forEach(ArrayList.java:1511)
... Removed 30 stack frames]]>
    </failure>
  </testcase> <!-- verifySearchWithWithoutAnyProduct -->
</testsuite> <!-- tutorialssNinja Test -->
