<?xml version="1.0" encoding="UTF-8"?>
<testng-results ignored="0" total="14" passed="14" failed="0" skipped="0">
  <reporter-output>
  </reporter-output>
  <suite started-at="2023-12-23T03:27:09 EST" name="TutorialsNinja Automation Suite" finished-at="2023-12-23T03:28:34 EST" duration-ms="85282">
    <groups>
    </groups>
    <test started-at="2023-12-23T03:27:09 EST" name="tutorialssNinja Test" finished-at="2023-12-23T03:28:34 EST" duration-ms="85282">
      <class name="com.tutorialsNinja.qa.testcases.RegesterTest">
        <test-method is-config="true" signature="setup()[pri:0, instance:com.tutorialsNinja.qa.testcases.RegesterTest@39529185]" started-at="2023-12-23T03:27:09 EST" name="setup" finished-at="2023-12-23T03:27:14 EST" duration-ms="5845" status="PASS">
          <reporter-output>
          </reporter-output>
        </test-method> <!-- setup -->
        <test-method signature="verifyRegesteringAnAccountWithMandatoryFields()[pri:1, instance:com.tutorialsNinja.qa.testcases.RegesterTest@39529185]" started-at="2023-12-23T03:27:14 EST" name="verifyRegesteringAnAccountWithMandatoryFields" finished-at="2023-12-23T03:27:16 EST" duration-ms="1037" status="PASS">
          <reporter-output>
          </reporter-output>
        </test-method> <!-- verifyRegesteringAnAccountWithMandatoryFields -->
        <test-method is-config="true" signature="tearDown()[pri:0, instance:com.tutorialsNinja.qa.testcases.RegesterTest@39529185]" started-at="2023-12-23T03:27:16 EST" name="tearDown" finished-at="2023-12-23T03:27:16 EST" duration-ms="88" status="PASS">
          <reporter-output>
          </reporter-output>
        </test-method> <!-- tearDown -->
        <test-method is-config="true" signature="setup()[pri:0, instance:com.tutorialsNinja.qa.testcases.RegesterTest@39529185]" started-at="2023-12-23T03:27:16 EST" name="setup" finished-at="2023-12-23T03:27:21 EST" duration-ms="5528" status="PASS">
          <reporter-output>
          </reporter-output>
        </test-method> <!-- setup -->
        <test-method signature="verifyRegesteringAccountByProvidingAllFields()[pri:2, instance:com.tutorialsNinja.qa.testcases.RegesterTest@39529185]" started-at="2023-12-23T03:27:21 EST" name="verifyRegesteringAccountByProvidingAllFields" finished-at="2023-12-23T03:27:22 EST" duration-ms="958" status="PASS">
          <reporter-output>
          </reporter-output>
        </test-method> <!-- verifyRegesteringAccountByProvidingAllFields -->
        <test-method is-config="true" signature="tearDown()[pri:0, instance:com.tutorialsNinja.qa.testcases.RegesterTest@39529185]" started-at="2023-12-23T03:27:22 EST" name="tearDown" finished-at="2023-12-23T03:27:22 EST" duration-ms="80" status="PASS">
          <reporter-output>
          </reporter-output>
        </test-method> <!-- tearDown -->
        <test-method is-config="true" signature="setup()[pri:0, instance:com.tutorialsNinja.qa.testcases.RegesterTest@39529185]" started-at="2023-12-23T03:27:22 EST" name="setup" finished-at="2023-12-23T03:27:28 EST" duration-ms="5817" status="PASS">
          <reporter-output>
          </reporter-output>
        </test-method> <!-- setup -->
        <test-method signature="verifyrRegesteringAccountWithExistingEmailAddress()[pri:3, instance:com.tutorialsNinja.qa.testcases.RegesterTest@39529185]" started-at="2023-12-23T03:27:28 EST" name="verifyrRegesteringAccountWithExistingEmailAddress" finished-at="2023-12-23T03:27:29 EST" duration-ms="632" status="PASS">
          <reporter-output>
          </reporter-output>
        </test-method> <!-- verifyrRegesteringAccountWithExistingEmailAddress -->
        <test-method is-config="true" signature="tearDown()[pri:0, instance:com.tutorialsNinja.qa.testcases.RegesterTest@39529185]" started-at="2023-12-23T03:27:29 EST" name="tearDown" finished-at="2023-12-23T03:27:29 EST" duration-ms="87" status="PASS">
          <reporter-output>
          </reporter-output>
        </test-method> <!-- tearDown -->
        <test-method is-config="true" signature="setup()[pri:0, instance:com.tutorialsNinja.qa.testcases.RegesterTest@39529185]" started-at="2023-12-23T03:27:29 EST" name="setup" finished-at="2023-12-23T03:27:36 EST" duration-ms="7324" status="PASS">
          <reporter-output>
          </reporter-output>
        </test-method> <!-- setup -->
        <test-method signature="verifyrRegesteringAccountWithWithoutFillingDetails()[pri:4, instance:com.tutorialsNinja.qa.testcases.RegesterTest@39529185]" started-at="2023-12-23T03:27:36 EST" name="verifyrRegesteringAccountWithWithoutFillingDetails" finished-at="2023-12-23T03:27:36 EST" duration-ms="441" status="PASS">
          <reporter-output>
          </reporter-output>
        </test-method> <!-- verifyrRegesteringAccountWithWithoutFillingDetails -->
        <test-method is-config="true" signature="tearDown()[pri:0, instance:com.tutorialsNinja.qa.testcases.RegesterTest@39529185]" started-at="2023-12-23T03:27:36 EST" name="tearDown" finished-at="2023-12-23T03:27:37 EST" duration-ms="82" status="PASS">
          <reporter-output>
          </reporter-output>
        </test-method> <!-- tearDown -->
      </class> <!-- com.tutorialsNinja.qa.testcases.RegesterTest -->
      <class name="com.tutorialsNinja.qa.testcases.LoginTest">
        <test-method is-config="true" signature="setup()[pri:0, instance:com.tutorialsNinja.qa.testcases.LoginTest@6e171cd7]" started-at="2023-12-23T03:27:37 EST" name="setup" finished-at="2023-12-23T03:27:42 EST" duration-ms="4932" status="PASS">
          <reporter-output>
          </reporter-output>
        </test-method> <!-- setup -->
        <test-method signature="verifyLoginWithValidCredentials(java.lang.String,java.lang.String)[pri:1, instance:com.tutorialsNinja.qa.testcases.LoginTest@6e171cd7]" started-at="2023-12-23T03:27:42 EST" name="verifyLoginWithValidCredentials" data-provider="validCreditialSupplier" finished-at="2023-12-23T03:27:42 EST" duration-ms="790" status="PASS">
          <params>
            <param index="0">
              <value>
                <![CDATA[imrayhanc@gmail.com]]>
              </value>
            </param>
            <param index="1">
              <value>
                <![CDATA[Aarayhan00]]>
              </value>
            </param>
          </params>
          <reporter-output>
          </reporter-output>
        </test-method> <!-- verifyLoginWithValidCredentials -->
        <test-method is-config="true" signature="tearDown()[pri:0, instance:com.tutorialsNinja.qa.testcases.LoginTest@6e171cd7]" started-at="2023-12-23T03:27:42 EST" name="tearDown" finished-at="2023-12-23T03:27:43 EST" duration-ms="77" status="PASS">
          <reporter-output>
          </reporter-output>
        </test-method> <!-- tearDown -->
        <test-method is-config="true" signature="setup()[pri:0, instance:com.tutorialsNinja.qa.testcases.LoginTest@6e171cd7]" started-at="2023-12-23T03:27:43 EST" name="setup" finished-at="2023-12-23T03:27:48 EST" duration-ms="4986" status="PASS">
          <reporter-output>
          </reporter-output>
        </test-method> <!-- setup -->
        <test-method signature="verifyLoginWithValidCredentials(java.lang.String,java.lang.String)[pri:1, instance:com.tutorialsNinja.qa.testcases.LoginTest@6e171cd7]" started-at="2023-12-23T03:27:48 EST" name="verifyLoginWithValidCredentials" data-provider="validCreditialSupplier" finished-at="2023-12-23T03:27:49 EST" duration-ms="1898" status="PASS">
          <params>
            <param index="0">
              <value>
                <![CDATA[rayhanc@yahoo.com]]>
              </value>
            </param>
            <param index="1">
              <value>
                <![CDATA[1234]]>
              </value>
            </param>
          </params>
          <reporter-output>
          </reporter-output>
        </test-method> <!-- verifyLoginWithValidCredentials -->
        <test-method is-config="true" signature="tearDown()[pri:0, instance:com.tutorialsNinja.qa.testcases.LoginTest@6e171cd7]" started-at="2023-12-23T03:27:49 EST" name="tearDown" finished-at="2023-12-23T03:27:49 EST" duration-ms="86" status="PASS">
          <reporter-output>
          </reporter-output>
        </test-method> <!-- tearDown -->
        <test-method is-config="true" signature="setup()[pri:0, instance:com.tutorialsNinja.qa.testcases.LoginTest@6e171cd7]" started-at="2023-12-23T03:27:49 EST" name="setup" finished-at="2023-12-23T03:27:54 EST" duration-ms="4873" status="PASS">
          <reporter-output>
          </reporter-output>
        </test-method> <!-- setup -->
        <test-method signature="verifyLoginWithValidCredentials(java.lang.String,java.lang.String)[pri:1, instance:com.tutorialsNinja.qa.testcases.LoginTest@6e171cd7]" started-at="2023-12-23T03:27:54 EST" name="verifyLoginWithValidCredentials" data-provider="validCreditialSupplier" finished-at="2023-12-23T03:27:55 EST" duration-ms="781" status="PASS">
          <params>
            <param index="0">
              <value>
                <![CDATA[rayhanc@myyahoo.com]]>
              </value>
            </param>
            <param index="1">
              <value>
                <![CDATA[1234]]>
              </value>
            </param>
          </params>
          <reporter-output>
          </reporter-output>
        </test-method> <!-- verifyLoginWithValidCredentials -->
        <test-method is-config="true" signature="tearDown()[pri:0, instance:com.tutorialsNinja.qa.testcases.LoginTest@6e171cd7]" started-at="2023-12-23T03:27:55 EST" name="tearDown" finished-at="2023-12-23T03:27:55 EST" duration-ms="83" status="PASS">
          <reporter-output>
          </reporter-output>
        </test-method> <!-- tearDown -->
        <test-method is-config="true" signature="setup()[pri:0, instance:com.tutorialsNinja.qa.testcases.LoginTest@6e171cd7]" started-at="2023-12-23T03:27:55 EST" name="setup" finished-at="2023-12-23T03:28:00 EST" duration-ms="5082" status="PASS">
          <reporter-output>
          </reporter-output>
        </test-method> <!-- setup -->
        <test-method signature="verifyLoginWithInvalidCredentials()[pri:2, instance:com.tutorialsNinja.qa.testcases.LoginTest@6e171cd7]" started-at="2023-12-23T03:28:00 EST" name="verifyLoginWithInvalidCredentials" finished-at="2023-12-23T03:28:01 EST" duration-ms="527" status="PASS">
          <reporter-output>
          </reporter-output>
        </test-method> <!-- verifyLoginWithInvalidCredentials -->
        <test-method is-config="true" signature="tearDown()[pri:0, instance:com.tutorialsNinja.qa.testcases.LoginTest@6e171cd7]" started-at="2023-12-23T03:28:01 EST" name="tearDown" finished-at="2023-12-23T03:28:01 EST" duration-ms="79" status="PASS">
          <reporter-output>
          </reporter-output>
        </test-method> <!-- tearDown -->
        <test-method is-config="true" signature="setup()[pri:0, instance:com.tutorialsNinja.qa.testcases.LoginTest@6e171cd7]" started-at="2023-12-23T03:28:01 EST" name="setup" finished-at="2023-12-23T03:28:06 EST" duration-ms="5335" status="PASS">
          <reporter-output>
          </reporter-output>
        </test-method> <!-- setup -->
        <test-method signature="verifyLoginWithInvalidEmailAndValidPassword()[pri:3, instance:com.tutorialsNinja.qa.testcases.LoginTest@6e171cd7]" started-at="2023-12-23T03:28:06 EST" name="verifyLoginWithInvalidEmailAndValidPassword" finished-at="2023-12-23T03:28:07 EST" duration-ms="529" status="PASS">
          <reporter-output>
          </reporter-output>
        </test-method> <!-- verifyLoginWithInvalidEmailAndValidPassword -->
        <test-method is-config="true" signature="tearDown()[pri:0, instance:com.tutorialsNinja.qa.testcases.LoginTest@6e171cd7]" started-at="2023-12-23T03:28:07 EST" name="tearDown" finished-at="2023-12-23T03:28:07 EST" duration-ms="83" status="PASS">
          <reporter-output>
          </reporter-output>
        </test-method> <!-- tearDown -->
        <test-method is-config="true" signature="setup()[pri:0, instance:com.tutorialsNinja.qa.testcases.LoginTest@6e171cd7]" started-at="2023-12-23T03:28:07 EST" name="setup" finished-at="2023-12-23T03:28:12 EST" duration-ms="5003" status="PASS">
          <reporter-output>
          </reporter-output>
        </test-method> <!-- setup -->
        <test-method signature="verifyLoginWithvalidEmailAndInValidPassword()[pri:4, instance:com.tutorialsNinja.qa.testcases.LoginTest@6e171cd7]" started-at="2023-12-23T03:28:12 EST" name="verifyLoginWithvalidEmailAndInValidPassword" finished-at="2023-12-23T03:28:12 EST" duration-ms="525" status="PASS">
          <reporter-output>
          </reporter-output>
        </test-method> <!-- verifyLoginWithvalidEmailAndInValidPassword -->
        <test-method is-config="true" signature="tearDown()[pri:0, instance:com.tutorialsNinja.qa.testcases.LoginTest@6e171cd7]" started-at="2023-12-23T03:28:12 EST" name="tearDown" finished-at="2023-12-23T03:28:12 EST" duration-ms="82" status="PASS">
          <reporter-output>
          </reporter-output>
        </test-method> <!-- tearDown -->
        <test-method is-config="true" signature="setup()[pri:0, instance:com.tutorialsNinja.qa.testcases.LoginTest@6e171cd7]" started-at="2023-12-23T03:28:12 EST" name="setup" finished-at="2023-12-23T03:28:17 EST" duration-ms="4978" status="PASS">
          <reporter-output>
          </reporter-output>
        </test-method> <!-- setup -->
        <test-method signature="verifyLoginWithoutProvidingCredentials()[pri:5, instance:com.tutorialsNinja.qa.testcases.LoginTest@6e171cd7]" started-at="2023-12-23T03:28:17 EST" name="verifyLoginWithoutProvidingCredentials" finished-at="2023-12-23T03:28:18 EST" duration-ms="458" status="PASS">
          <reporter-output>
          </reporter-output>
        </test-method> <!-- verifyLoginWithoutProvidingCredentials -->
        <test-method is-config="true" signature="tearDown()[pri:0, instance:com.tutorialsNinja.qa.testcases.LoginTest@6e171cd7]" started-at="2023-12-23T03:28:18 EST" name="tearDown" finished-at="2023-12-23T03:28:18 EST" duration-ms="81" status="PASS">
          <reporter-output>
          </reporter-output>
        </test-method> <!-- tearDown -->
      </class> <!-- com.tutorialsNinja.qa.testcases.LoginTest -->
      <class name="com.tutorialsNinja.qa.testcases.SearchTest">
        <test-method is-config="true" signature="setup()[pri:0, instance:com.tutorialsNinja.qa.testcases.SearchTest@59fd97a8]" started-at="2023-12-23T03:28:18 EST" name="setup" finished-at="2023-12-23T03:28:22 EST" duration-ms="4439" status="PASS">
          <reporter-output>
          </reporter-output>
        </test-method> <!-- setup -->
        <test-method signature="verifySearchWithValidProduct()[pri:1, instance:com.tutorialsNinja.qa.testcases.SearchTest@59fd97a8]" started-at="2023-12-23T03:28:22 EST" name="verifySearchWithValidProduct" finished-at="2023-12-23T03:28:23 EST" duration-ms="666" status="PASS">
          <reporter-output>
          </reporter-output>
        </test-method> <!-- verifySearchWithValidProduct -->
        <test-method is-config="true" signature="tearDown()[pri:0, instance:com.tutorialsNinja.qa.testcases.SearchTest@59fd97a8]" started-at="2023-12-23T03:28:23 EST" name="tearDown" finished-at="2023-12-23T03:28:23 EST" duration-ms="77" status="PASS">
          <reporter-output>
          </reporter-output>
        </test-method> <!-- tearDown -->
        <test-method is-config="true" signature="setup()[pri:0, instance:com.tutorialsNinja.qa.testcases.SearchTest@59fd97a8]" started-at="2023-12-23T03:28:23 EST" name="setup" finished-at="2023-12-23T03:28:28 EST" duration-ms="5028" status="PASS">
          <reporter-output>
          </reporter-output>
        </test-method> <!-- setup -->
        <test-method signature="verifySearchWithInvalidProduct()[pri:2, instance:com.tutorialsNinja.qa.testcases.SearchTest@59fd97a8]" started-at="2023-12-23T03:28:28 EST" name="verifySearchWithInvalidProduct" finished-at="2023-12-23T03:28:29 EST" duration-ms="441" status="PASS">
          <reporter-output>
          </reporter-output>
        </test-method> <!-- verifySearchWithInvalidProduct -->
        <test-method is-config="true" signature="tearDown()[pri:0, instance:com.tutorialsNinja.qa.testcases.SearchTest@59fd97a8]" started-at="2023-12-23T03:28:29 EST" name="tearDown" finished-at="2023-12-23T03:28:29 EST" duration-ms="80" status="PASS">
          <reporter-output>
          </reporter-output>
        </test-method> <!-- tearDown -->
        <test-method is-config="true" signature="setup()[pri:0, instance:com.tutorialsNinja.qa.testcases.SearchTest@59fd97a8]" started-at="2023-12-23T03:28:29 EST" name="setup" finished-at="2023-12-23T03:28:33 EST" duration-ms="4558" status="PASS">
          <reporter-output>
          </reporter-output>
        </test-method> <!-- setup -->
        <test-method signature="verifySearchWithWithoutAnyProduct()[pri:3, instance:com.tutorialsNinja.qa.testcases.SearchTest@59fd97a8]" started-at="2023-12-23T03:28:33 EST" name="verifySearchWithWithoutAnyProduct" finished-at="2023-12-23T03:28:34 EST" depends-on-methods="com.tutorialsNinja.qa.testcases.SearchTest.verifySearchWithValidProduct, com.tutorialsNinja.qa.testcases.SearchTest.verifySearchWithInvalidProduct" duration-ms="439" status="PASS">
          <reporter-output>
          </reporter-output>
        </test-method> <!-- verifySearchWithWithoutAnyProduct -->
        <test-method is-config="true" signature="tearDown()[pri:0, instance:com.tutorialsNinja.qa.testcases.SearchTest@59fd97a8]" started-at="2023-12-23T03:28:34 EST" name="tearDown" finished-at="2023-12-23T03:28:34 EST" duration-ms="78" status="PASS">
          <reporter-output>
          </reporter-output>
        </test-method> <!-- tearDown -->
      </class> <!-- com.tutorialsNinja.qa.testcases.SearchTest -->
    </test> <!-- tutorialssNinja Test -->
  </suite> <!-- TutorialsNinja Automation Suite -->
</testng-results>
